<?xml version="1.0" encoding="UTF-8"?>
<!-- Generated by org.testng.reporters.JUnitReportReporter -->
<testsuite skipped="0" hostname="karthicks-MacBook-Air.local" name="Scenarios.NewTest" tests="2" failures="0" timestamp="22 Apr 2021 07:24:32 GMT" time="0.008" errors="0">
  <testcase name="f" time="0.003" classname="Scenarios.NewTest"/>
  <testcase name="f" time="0.005" classname="Scenarios.NewTest"/>
</testsuite> <!-- Scenarios.NewTest -->
